
 Typ von queriesdata ist 4Iteration 0: query:  select a.Pegelnummer, a.Werte_W, a.Diskretisierung, a.Datum from hnddat.pegeldaten as a where a.Pegelnummer = 10043708 and a.Werte_W IS NOT NULL LIMIT 2 
Iteration 1: query:  select a.Pegelnummer, a.Werte_W, a.Diskretisierung, a.Datum from hnddat.pegeldaten as a where a.Pegelnummer = 10053009 and a.Werte_W IS NOT NULL LIMIT 2 
Iteration 2: query:  select a.Pegelnummer, a.Werte_W, a.Diskretisierung, a.Datum from hnddat.pegeldaten as a where a.Pegelnummer = 10046105 and a.Werte_W IS NOT NULL LIMIT 2 
array(3) {
Thread auf core 0 wird gleich folgenden Query ausführen:   select a.Pegelnummer, a.Werte_W, a.Diskretisierung, a.Datum from hnddat.pegeldaten as a where a.Pegelnummer = 10046105 and a.Werte_W IS NOT NULL LIMIT 2
Thread auf core 1 wird gleich folgenden Query ausführen:   select a.Pegelnummer, a.Werte_W, a.Diskretisierung, a.Datum from hnddat.pegeldaten as a where a.Pegelnummer = 10043708 and a.Werte_W IS NOT NULL LIMIT 2
Thread auf core 1 wird gleich folgenden Query ausführen:   select a.Pegelnummer, a.Werte_W, a.Diskretisierung, a.Datum from hnddat.pegeldaten as a where a.Pegelnummer = 10053009 and a.Werte_W IS NOT NULL LIMIT 2
  ["a"]=>
  array(48) {
    [0]=>
    array(4) {
      [0]=>
      string(8) "10043708"
      [1]=>
      string(3) "178"
      [2]=>
      string(2) "60"
      [3]=>
      string(16) "2001-08-16 00:00"
    }
    [1]=>
    array(4) {
      [0]=>
      string(8) "10043708"
      [1]=>
      string(3) "178"
      [2]=>
      string(2) "60"
      [3]=>
      string(16) "2001-08-16 01:00"
    }
    [2]=>
    array(4) {
      [0]=>
      string(8) "10043708"
      [1]=>
      string(3) "176"
      [2]=>
      string(2) "60"
      [3]=>
      string(16) "2001-08-16 02:00"
    }
    [3]=>
    array(4) {
      [0]=>
      string(8) "10043708"
      [1]=>
      string(3) "176"
      [2]=>
      string(2) "60"
      [3]=>
      string(16) "2001-08-16 03:00"
    }
    [4]=>
    array(4) {
      [0]=>
      string(8) "10043708"
      [1]=>
      string(3) "175"
      [2]=>
      string(2) "60"
      [3]=>
      string(16) "2001-08-16 04:00"
    }
    [5]=>
    array(4) {
      [0]=>
      string(8) "10043708"
      [1]=>
      string(3) "175"
      [2]=>
      string(2) "60"
      [3]=>
      string(16) "2001-08-16 05:00"
    }
    [6]=>
    array(4) {
      [0]=>
      string(8) "10043708"
      [1]=>
      string(3) "206"
      [2]=>
      string(2) "60"
      [3]=>
      string(16) "2001-08-16 06:00"
    }
    [7]=>
    array(4) {
      [0]=>
      string(8) "10043708"
      [1]=>
      string(3) "233"
      [2]=>
      string(2) "60"
      [3]=>
      string(16) "2001-08-16 07:00"
    }
    [8]=>
    array(4) {
      [0]=>
      string(8) "10043708"
      [1]=>
      string(3) "235"
      [2]=>
      string(2) "60"
      [3]=>
      string(16) "2001-08-16 08:00"
    }
    [9]=>
    array(4) {
      [0]=>
      string(8) "10043708"
      [1]=>
      string(3) "215"
      [2]=>
      string(2) "60"
      [3]=>
      string(16) "2001-08-16 09:00"
    }
    [10]=>
    array(4) {
      [0]=>
      string(8) "10043708"
      [1]=>
      string(3) "176"
      [2]=>
      string(2) "60"
      [3]=>
      string(16) "2001-08-16 10:00"
    }
    [11]=>
    array(4) {
      [0]=>
      string(8) "10043708"
      [1]=>
      string(3) "174"
      [2]=>
      string(2) "60"
      [3]=>
      string(16) "2001-08-16 11:00"
    }
    [12]=>
    array(4) {
      [0]=>
      string(8) "10043708"
      [1]=>
      string(3) "173"
      [2]=>
      string(2) "60"
      [3]=>
      string(16) "2001-08-16 12:00"
    }
    [13]=>
    array(4) {
      [0]=>
      string(8) "10043708"
      [1]=>
      string(3) "171"
      [2]=>
      string(2) "60"
      [3]=>
      string(16) "2001-08-16 13:00"
    }
    [14]=>
    array(4) {
      [0]=>
      string(8) "10043708"
      [1]=>
      string(3) "170"
      [2]=>
      string(2) "60"
      [3]=>
      string(16) "2001-08-16 14:00"
    }
    [15]=>
    array(4) {
      [0]=>
      string(8) "10043708"
      [1]=>
      string(3) "170"
      [2]=>
      string(2) "60"
      [3]=>
      string(16) "2001-08-16 15:00"
    }
    [16]=>
    array(4) {
      [0]=>
      string(8) "10043708"
      [1]=>
      string(3) "171"
      [2]=>
      string(2) "60"
      [3]=>
      string(16) "2001-08-16 16:00"
    }
    [17]=>
    array(4) {
      [0]=>
      string(8) "10043708"
      [1]=>
      string(3) "228"
      [2]=>
      string(2) "60"
      [3]=>
      string(16) "2001-08-16 17:00"
    }
    [18]=>
    array(4) {
      [0]=>
      string(8) "10043708"
      [1]=>
      string(3) "236"
      [2]=>
      string(2) "60"
      [3]=>
      string(16) "2001-08-16 18:00"
    }
    [19]=>
    array(4) {
      [0]=>
      string(8) "10043708"
      [1]=>
      string(3) "238"
      [2]=>
      string(2) "60"
      [3]=>
      string(16) "2001-08-16 19:00"
    }
    [20]=>
    array(4) {
      [0]=>
      string(8) "10043708"
      [1]=>
      string(3) "187"
      [2]=>
      string(2) "60"
      [3]=>
      string(16) "2001-08-16 20:00"
    }
    [21]=>
    array(4) {
      [0]=>
      string(8) "10043708"
      [1]=>
      string(3) "178"
      [2]=>
      string(2) "60"
      [3]=>
      string(16) "2001-08-16 21:00"
    }
    [22]=>
    array(4) {
      [0]=>
      string(8) "10043708"
      [1]=>
      string(3) "176"
      [2]=>
      string(2) "60"
      [3]=>
      string(16) "2001-08-16 22:00"
    }
    [23]=>
    array(4) {
      [0]=>
      string(8) "10043708"
      [1]=>
      string(3) "174"
      [2]=>
      string(2) "60"
      [3]=>
      string(16) "2001-08-16 23:00"
    }
    [24]=>
    array(4) {
      [0]=>
      string(8) "10043708"
      [1]=>
      string(3) "174"
      [2]=>
      string(2) "60"
      [3]=>
      string(16) "2001-08-17 00:00"
    }
    [25]=>
    array(4) {
      [0]=>
      string(8) "10043708"
      [1]=>
      string(3) "175"
      [2]=>
      string(2) "60"
      [3]=>
      string(16) "2001-08-17 01:00"
    }
    [26]=>
    array(4) {
      [0]=>
      string(8) "10043708"
      [1]=>
      string(3) "176"
      [2]=>
      string(2) "60"
      [3]=>
      string(16) "2001-08-17 02:00"
    }
    [27]=>
    array(4) {
      [0]=>
      string(8) "10043708"
      [1]=>
      string(3) "176"
      [2]=>
      string(2) "60"
      [3]=>
      string(16) "2001-08-17 03:00"
    }
    [28]=>
    array(4) {
      [0]=>
      string(8) "10043708"
      [1]=>
      string(3) "176"
      [2]=>
      string(2) "60"
      [3]=>
      string(16) "2001-08-17 04:00"
    }
    [29]=>
    array(4) {
      [0]=>
      string(8) "10043708"
      [1]=>
      string(3) "175"
      [2]=>
      string(2) "60"
      [3]=>
      string(16) "2001-08-17 05:00"
    }
    [30]=>
    array(4) {
      [0]=>
      string(8) "10043708"
      [1]=>
      string(3) "206"
      [2]=>
      string(2) "60"
      [3]=>
      string(16) "2001-08-17 06:00"
    }
    [31]=>
    array(4) {
      [0]=>
      string(8) "10043708"
      [1]=>
      string(3) "233"
      [2]=>
      string(2) "60"
      [3]=>
      string(16) "2001-08-17 07:00"
    }
    [32]=>
    array(4) {
      [0]=>
      string(8) "10043708"
      [1]=>
      string(3) "236"
      [2]=>
      string(2) "60"
      [3]=>
      string(16) "2001-08-17 08:00"
    }
    [33]=>
    array(4) {
      [0]=>
      string(8) "10043708"
      [1]=>
      string(3) "219"
      [2]=>
      string(2) "60"
      [3]=>
      string(16) "2001-08-17 09:00"
    }
    [34]=>
    array(4) {
      [0]=>
      string(8) "10043708"
      [1]=>
      string(3) "184"
      [2]=>
      string(2) "60"
      [3]=>
      string(16) "2001-08-17 10:00"
    }
    [35]=>
    array(4) {
      [0]=>
      string(8) "10043708"
      [1]=>
      string(3) "183"
      [2]=>
      string(2) "60"
      [3]=>
      string(16) "2001-08-17 11:00"
    }
    [36]=>
    array(4) {
      [0]=>
      string(8) "10043708"
      [1]=>
      string(3) "187"
      [2]=>
      string(2) "60"
      [3]=>
      string(16) "2001-08-17 12:00"
    }
    [37]=>
    array(4) {
      [0]=>
      string(8) "10043708"
      [1]=>
      string(3) "188"
      [2]=>
      string(2) "60"
      [3]=>
      string(16) "2001-08-17 13:00"
    }
    [38]=>
    array(4) {
      [0]=>
      string(8) "10043708"
      [1]=>
      string(3) "189"
      [2]=>
      string(2) "60"
      [3]=>
      string(16) "2001-08-17 14:00"
    }
    [39]=>
    array(4) {
      [0]=>
      string(8) "10043708"
      [1]=>
      string(3) "190"
      [2]=>
      string(2) "60"
      [3]=>
      string(16) "2001-08-17 15:00"
    }
    [40]=>
    array(4) {
      [0]=>
      string(8) "10043708"
      [1]=>
      string(3) "191"
      [2]=>
      string(2) "60"
      [3]=>
      string(16) "2001-08-17 16:00"
    }
    [41]=>
    array(4) {
      [0]=>
      string(8) "10043708"
      [1]=>
      string(3) "237"
      [2]=>
      string(2) "60"
      [3]=>
      string(16) "2001-08-17 17:00"
    }
    [42]=>
    array(4) {
      [0]=>
      string(8) "10043708"
      [1]=>
      string(3) "242"
      [2]=>
      string(2) "60"
      [3]=>
      string(16) "2001-08-17 18:00"
    }
    [43]=>
    array(4) {
      [0]=>
      string(8) "10043708"
      [1]=>
      string(3) "242"
      [2]=>
      string(2) "60"
      [3]=>
      string(16) "2001-08-17 19:00"
    }
    [44]=>
    array(4) {
      [0]=>
      string(8) "10043708"
      [1]=>
      string(3) "199"
      [2]=>
      string(2) "60"
      [3]=>
      string(16) "2001-08-17 20:00"
    }
    [45]=>
    array(4) {
      [0]=>
      string(8) "10043708"
      [1]=>
      string(3) "192"
      [2]=>
      string(2) "60"
      [3]=>
      string(16) "2001-08-17 21:00"
    }
    [46]=>
    array(4) {
      [0]=>
      string(8) "10043708"
      [1]=>
      string(3) "189"
      [2]=>
      string(2) "60"
      [3]=>
      string(16) "2001-08-17 22:00"
    }
    [47]=>
    array(4) {
      [0]=>
      string(8) "10043708"
      [1]=>
      string(3) "188"
      [2]=>
      string(2) "60"
      [3]=>
      string(16) "2001-08-17 23:00"
    }
  }
  ["b"]=>
  array(192) {
    [0]=>
    array(4) {
      [0]=>
      string(8) "10053009"
      [1]=>
      string(3) "251"
      [2]=>
      string(2) "15"
      [3]=>
      string(16) "2001-08-16 00:00"
    }
    [1]=>
    array(4) {
      [0]=>
      string(8) "10053009"
      [1]=>
      string(3) "251"
      [2]=>
      string(2) "15"
      [3]=>
      string(16) "2001-08-16 00:15"
    }
    [2]=>
    array(4) {
      [0]=>
      string(8) "10053009"
      [1]=>
      string(3) "252"
      [2]=>
      string(2) "15"
      [3]=>
      string(16) "2001-08-16 00:30"
    }
    [3]=>
    array(4) {
      [0]=>
      string(8) "10053009"
      [1]=>
      string(3) "252"
      [2]=>
      string(2) "15"
      [3]=>
      string(16) "2001-08-16 00:45"
    }
    [4]=>
    array(4) {
      [0]=>
      string(8) "10053009"
      [1]=>
      string(3) "252"
      [2]=>
      string(2) "15"
      [3]=>
      string(16) "2001-08-16 01:00"
    }
    [5]=>
    array(4) {
      [0]=>
      string(8) "10053009"
      [1]=>
      string(3) "252"
      [2]=>
      string(2) "15"
      [3]=>
      string(16) "2001-08-16 01:15"
    }
    [6]=>
    array(4) {
      [0]=>
      string(8) "10053009"
      [1]=>
      string(3) "252"
      [2]=>
      string(2) "15"
      [3]=>
      string(16) "2001-08-16 01:30"
    }
    [7]=>
    array(4) {
      [0]=>
      string(8) "10053009"
      [1]=>
      string(3) "252"
      [2]=>
      string(2) "15"
      [3]=>
      string(16) "2001-08-16 01:45"
    }
    [8]=>
    array(4) {
      [0]=>
      string(8) "10053009"
      [1]=>
      string(3) "252"
      [2]=>
      string(2) "15"
      [3]=>
      string(16) "2001-08-16 02:00"
    }
    [9]=>
    array(4) {
      [0]=>
      string(8) "10053009"
      [1]=>
      string(3) "252"
      [2]=>
      string(2) "15"
      [3]=>
      string(16) "2001-08-16 02:15"
    }
    [10]=>
    array(4) {
      [0]=>
      string(8) "10053009"
      [1]=>
      string(3) "252"
      [2]=>
      string(2) "15"
      [3]=>
      string(16) "2001-08-16 02:30"
    }
    [11]=>
    array(4) {
      [0]=>
      string(8) "10053009"
      [1]=>
      string(3) "252"
      [2]=>
      string(2) "15"
      [3]=>
      string(16) "2001-08-16 02:45"
    }
    [12]=>
    array(4) {
      [0]=>
      string(8) "10053009"
      [1]=>
      string(3) "252"
      [2]=>
      string(2) "15"
      [3]=>
      string(16) "2001-08-16 03:00"
    }
    [13]=>
    array(4) {
      [0]=>
      string(8) "10053009"
      [1]=>
      string(3) "252"
      [2]=>
      string(2) "15"
      [3]=>
      string(16) "2001-08-16 03:15"
    }
    [14]=>
    array(4) {
      [0]=>
      string(8) "10053009"
      [1]=>
      string(3) "252"
      [2]=>
      string(2) "15"
      [3]=>
      string(16) "2001-08-16 03:30"
    }
    [15]=>
    array(4) {
      [0]=>
      string(8) "10053009"
      [1]=>
      string(3) "252"
      [2]=>
      string(2) "15"
      [3]=>
      string(16) "2001-08-16 03:45"
    }
    [16]=>
    array(4) {
      [0]=>
      string(8) "10053009"
      [1]=>
      string(3) "252"
      [2]=>
      string(2) "15"
      [3]=>
      string(16) "2001-08-16 04:00"
    }
    [17]=>
    array(4) {
      [0]=>
      string(8) "10053009"
      [1]=>
      string(3) "252"
      [2]=>
      string(2) "15"
      [3]=>
      string(16) "2001-08-16 04:15"
    }
    [18]=>
    array(4) {
      [0]=>
      string(8) "10053009"
      [1]=>
      string(3) "252"
      [2]=>
      string(2) "15"
      [3]=>
      string(16) "2001-08-16 04:30"
    }
    [19]=>
    array(4) {
      [0]=>
      string(8) "10053009"
      [1]=>
      string(3) "252"
      [2]=>
      string(2) "15"
      [3]=>
      string(16) "2001-08-16 04:45"
    }
    [20]=>
    array(4) {
      [0]=>
      string(8) "10053009"
      [1]=>
      string(3) "252"
      [2]=>
      string(2) "15"
      [3]=>
      string(16) "2001-08-16 05:00"
    }
    [21]=>
    array(4) {
      [0]=>
      string(8) "10053009"
      [1]=>
      string(3) "252"
      [2]=>
      string(2) "15"
      [3]=>
      string(16) "2001-08-16 05:15"
    }
    [22]=>
    array(4) {
      [0]=>
      string(8) "10053009"
      [1]=>
      string(3) "252"
      [2]=>
      string(2) "15"
      [3]=>
      string(16) "2001-08-16 05:30"
    }
    [23]=>
    array(4) {
      [0]=>
      string(8) "10053009"
      [1]=>
      string(3) "252"
      [2]=>
      string(2) "15"
      [3]=>
      string(16) "2001-08-16 05:45"
    }
    [24]=>
    array(4) {
      [0]=>
      string(8) "10053009"
      [1]=>
      string(3) "252"
      [2]=>
      string(2) "15"
      [3]=>
      string(16) "2001-08-16 06:00"
    }
    [25]=>
    array(4) {
      [0]=>
      string(8) "10053009"
      [1]=>
      string(3) "252"
      [2]=>
      string(2) "15"
      [3]=>
      string(16) "2001-08-16 06:15"
    }
    [26]=>
    array(4) {
      [0]=>
      string(8) "10053009"
      [1]=>
      string(3) "252"
      [2]=>
      string(2) "15"
      [3]=>
      string(16) "2001-08-16 06:30"
    }
    [27]=>
    array(4) {
      [0]=>
      string(8) "10053009"
      [1]=>
      string(3) "252"
      [2]=>
      string(2) "15"
      [3]=>
      string(16) "2001-08-16 06:45"
    }
    [28]=>
    array(4) {
      [0]=>
      string(8) "10053009"
      [1]=>
      string(3) "252"
      [2]=>
      string(2) "15"
      [3]=>
      string(16) "2001-08-16 07:00"
    }
    [29]=>
    array(4) {
      [0]=>
      string(8) "10053009"
      [1]=>
      string(3) "251"
      [2]=>
      string(2) "15"
      [3]=>
      string(16) "2001-08-16 07:15"
    }
    [30]=>
    array(4) {
      [0]=>
      string(8) "10053009"
      [1]=>
      string(3) "251"
      [2]=>
      string(2) "15"
      [3]=>
      string(16) "2001-08-16 07:30"
    }
    [31]=>
    array(4) {
      [0]=>
      string(8) "10053009"
      [1]=>
      string(3) "251"
      [2]=>
      string(2) "15"
      [3]=>
      string(16) "2001-08-16 07:45"
    }
    [32]=>
    array(4) {
      [0]=>
      string(8) "10053009"
      [1]=>
      string(3) "250"
      [2]=>
      string(2) "15"
      [3]=>
      string(16) "2001-08-16 08:00"
    }
    [33]=>
    array(4) {
      [0]=>
      string(8) "10053009"
      [1]=>
      string(3) "250"
      [2]=>
      string(2) "15"
      [3]=>
      string(16) "2001-08-16 08:15"
    }
    [34]=>
    array(4) {
      [0]=>
      string(8) "10053009"
      [1]=>
      string(3) "250"
      [2]=>
      string(2) "15"
      [3]=>
      string(16) "2001-08-16 08:30"
    }
    [35]=>
    array(4) {
      [0]=>
      string(8) "10053009"
      [1]=>
      string(3) "249"
      [2]=>
      string(2) "15"
      [3]=>
      string(16) "2001-08-16 08:45"
    }
    [36]=>
    array(4) {
      [0]=>
      string(8) "10053009"
      [1]=>
      string(3) "249"
      [2]=>
      string(2) "15"
      [3]=>
      string(16) "2001-08-16 09:00"
    }
    [37]=>
    array(4) {
      [0]=>
      string(8) "10053009"
      [1]=>
      string(3) "249"
      [2]=>
      string(2) "15"
      [3]=>
      string(16) "2001-08-16 09:15"
    }
    [38]=>
    array(4) {
      [0]=>
      string(8) "10053009"
      [1]=>
      string(3) "249"
      [2]=>
      string(2) "15"
      [3]=>
      string(16) "2001-08-16 09:30"
    }
    [39]=>
    array(4) {
      [0]=>
      string(8) "10053009"
      [1]=>
      string(3) "248"
      [2]=>
      string(2) "15"
      [3]=>
      string(16) "2001-08-16 09:45"
    }
    [40]=>
    array(4) {
      [0]=>
      string(8) "10053009"
      [1]=>
      string(3) "248"
      [2]=>
      string(2) "15"
      [3]=>
      string(16) "2001-08-16 10:00"
    }
    [41]=>
    array(4) {
      [0]=>
      string(8) "10053009"
      [1]=>
      string(3) "249"
      [2]=>
      string(2) "15"
      [3]=>
      string(16) "2001-08-16 10:15"
    }
    [42]=>
    array(4) {
      [0]=>
      string(8) "10053009"
      [1]=>
      string(3) "248"
      [2]=>
      string(2) "15"
      [3]=>
      string(16) "2001-08-16 10:30"
    }
    [43]=>
    array(4) {
      [0]=>
      string(8) "10053009"
      [1]=>
      string(3) "248"
      [2]=>
      string(2) "15"
      [3]=>
      string(16) "2001-08-16 10:45"
    }
    [44]=>
    array(4) {
      [0]=>
      string(8) "10053009"
      [1]=>
      string(3) "249"
      [2]=>
      string(2) "15"
      [3]=>
      string(16) "2001-08-16 11:00"
    }
    [45]=>
    array(4) {
      [0]=>
      string(8) "10053009"
      [1]=>
      string(3) "249"
      [2]=>
      string(2) "15"
      [3]=>
      string(16) "2001-08-16 11:15"
    }
    [46]=>
    array(4) {
      [0]=>
      string(8) "10053009"
      [1]=>
      string(3) "250"
      [2]=>
      string(2) "15"
      [3]=>
      string(16) "2001-08-16 11:30"
    }
    [47]=>
    array(4) {
      [0]=>
      string(8) "10053009"
      [1]=>
      string(3) "250"
      [2]=>
      string(2) "15"
      [3]=>
      string(16) "2001-08-16 11:45"
    }
    [48]=>
    array(4) {
      [0]=>
      string(8) "10053009"
      [1]=>
      string(3) "250"
      [2]=>
      string(2) "15"
      [3]=>
      string(16) "2001-08-16 12:00"
    }
    [49]=>
    array(4) {
      [0]=>
      string(8) "10053009"
      [1]=>
      string(3) "251"
      [2]=>
      string(2) "15"
      [3]=>
      string(16) "2001-08-16 12:15"
    }
    [50]=>
    array(4) {
      [0]=>
      string(8) "10053009"
      [1]=>
      string(3) "251"
      [2]=>
      string(2) "15"
      [3]=>
      string(16) "2001-08-16 12:30"
    }
    [51]=>
    array(4) {
      [0]=>
      string(8) "10053009"
      [1]=>
      string(3) "251"
      [2]=>
      string(2) "15"
      [3]=>
      string(16) "2001-08-16 12:45"
    }
    [52]=>
    array(4) {
      [0]=>
      string(8) "10053009"
      [1]=>
      string(3) "252"
      [2]=>
      string(2) "15"
      [3]=>
      string(16) "2001-08-16 13:00"
    }
    [53]=>
    array(4) {
      [0]=>
      string(8) "10053009"
      [1]=>
      string(3) "253"
      [2]=>
      string(2) "15"
      [3]=>
      string(16) "2001-08-16 13:15"
    }
    [54]=>
    array(4) {
      [0]=>
      string(8) "10053009"
      [1]=>
      string(3) "253"
      [2]=>
      string(2) "15"
      [3]=>
      string(16) "2001-08-16 13:30"
    }
    [55]=>
    array(4) {
      [0]=>
      string(8) "10053009"
      [1]=>
      string(3) "253"
      [2]=>
      string(2) "15"
      [3]=>
      string(16) "2001-08-16 13:45"
    }
    [56]=>
    array(4) {
      [0]=>
      string(8) "10053009"
      [1]=>
      string(3) "253"
      [2]=>
      string(2) "15"
      [3]=>
      string(16) "2001-08-16 14:00"
    }
    [57]=>
    array(4) {
      [0]=>
      string(8) "10053009"
      [1]=>
      string(3) "253"
      [2]=>
      string(2) "15"
      [3]=>
      string(16) "2001-08-16 14:15"
    }
    [58]=>
    array(4) {
      [0]=>
      string(8) "10053009"
      [1]=>
      string(3) "253"
      [2]=>
      string(2) "15"
      [3]=>
      string(16) "2001-08-16 14:30"
    }
    [59]=>
    array(4) {
      [0]=>
      string(8) "10053009"
      [1]=>
      string(3) "253"
      [2]=>
      string(2) "15"
      [3]=>
      string(16) "2001-08-16 14:45"
    }
    [60]=>
    array(4) {
      [0]=>
      string(8) "10053009"
      [1]=>
      string(3) "253"
      [2]=>
      string(2) "15"
      [3]=>
      string(16) "2001-08-16 15:00"
    }
    [61]=>
    array(4) {
      [0]=>
      string(8) "10053009"
      [1]=>
      string(3) "253"
      [2]=>
      string(2) "15"
      [3]=>
      string(16) "2001-08-16 15:15"
    }
    [62]=>
    array(4) {
      [0]=>
      string(8) "10053009"
      [1]=>
      string(3) "252"
      [2]=>
      string(2) "15"
      [3]=>
      string(16) "2001-08-16 15:30"
    }
    [63]=>
    array(4) {
      [0]=>
      string(8) "10053009"
      [1]=>
      string(3) "251"
      [2]=>
      string(2) "15"
      [3]=>
      string(16) "2001-08-16 15:45"
    }
    [64]=>
    array(4) {
      [0]=>
      string(8) "10053009"
      [1]=>
      string(3) "250"
      [2]=>
      string(2) "15"
      [3]=>
      string(16) "2001-08-16 16:00"
    }
    [65]=>
    array(4) {
      [0]=>
      string(8) "10053009"
      [1]=>
      string(3) "250"
      [2]=>
      string(2) "15"
      [3]=>
      string(16) "2001-08-16 16:15"
    }
    [66]=>
    array(4) {
      [0]=>
      string(8) "10053009"
      [1]=>
      string(3) "249"
      [2]=>
      string(2) "15"
      [3]=>
      string(16) "2001-08-16 16:30"
    }
    [67]=>
    array(4) {
      [0]=>
      string(8) "10053009"
      [1]=>
      string(3) "249"
      [2]=>
      string(2) "15"
      [3]=>
      string(16) "2001-08-16 16:45"
    }
    [68]=>
    array(4) {
      [0]=>
      string(8) "10053009"
      [1]=>
      string(3) "248"
      [2]=>
      string(2) "15"
      [3]=>
      string(16) "2001-08-16 17:00"
    }
    [69]=>
    array(4) {
      [0]=>
      string(8) "10053009"
      [1]=>
      string(3) "248"
      [2]=>
      string(2) "15"
      [3]=>
      string(16) "2001-08-16 17:15"
    }
    [70]=>
    array(4) {
      [0]=>
      string(8) "10053009"
      [1]=>
      string(3) "247"
      [2]=>
      string(2) "15"
      [3]=>
      string(16) "2001-08-16 17:30"
    }
    [71]=>
    array(4) {
      [0]=>
      string(8) "10053009"
      [1]=>
      string(3) "247"
      [2]=>
      string(2) "15"
      [3]=>
      string(16) "2001-08-16 17:45"
    }
    [72]=>
    array(4) {
      [0]=>
      string(8) "10053009"
      [1]=>
      string(3) "246"
      [2]=>
      string(2) "15"
      [3]=>
      string(16) "2001-08-16 18:00"
    }
    [73]=>
    array(4) {
      [0]=>
      string(8) "10053009"
      [1]=>
      string(3) "246"
      [2]=>
      string(2) "15"
      [3]=>
      string(16) "2001-08-16 18:15"
    }
    [74]=>
    array(4) {
      [0]=>
      string(8) "10053009"
      [1]=>
      string(3) "246"
      [2]=>
      string(2) "15"
      [3]=>
      string(16) "2001-08-16 18:30"
    }
    [75]=>
    array(4) {
      [0]=>
      string(8) "10053009"
      [1]=>
      string(3) "246"
      [2]=>
      string(2) "15"
      [3]=>
      string(16) "2001-08-16 18:45"
    }
    [76]=>
    array(4) {
      [0]=>
      string(8) "10053009"
      [1]=>
      string(3) "246"
      [2]=>
      string(2) "15"
      [3]=>
      string(16) "2001-08-16 19:00"
    }
    [77]=>
    array(4) {
      [0]=>
      string(8) "10053009"
      [1]=>
      string(3) "246"
      [2]=>
      string(2) "15"
      [3]=>
      string(16) "2001-08-16 19:15"
    }
    [78]=>
    array(4) {
      [0]=>
      string(8) "10053009"
      [1]=>
      string(3) "246"
      [2]=>
      string(2) "15"
      [3]=>
      string(16) "2001-08-16 19:30"
    }
    [79]=>
    array(4) {
      [0]=>
      string(8) "10053009"
      [1]=>
      string(3) "245"
      [2]=>
      string(2) "15"
      [3]=>
      string(16) "2001-08-16 19:45"
    }
    [80]=>
    array(4) {
      [0]=>
      string(8) "10053009"
      [1]=>
      string(3) "245"
      [2]=>
      string(2) "15"
      [3]=>
      string(16) "2001-08-16 20:00"
    }
    [81]=>
    array(4) {
      [0]=>
      string(8) "10053009"
      [1]=>
      string(3) "245"
      [2]=>
      string(2) "15"
      [3]=>
      string(16) "2001-08-16 20:15"
    }
    [82]=>
    array(4) {
      [0]=>
      string(8) "10053009"
      [1]=>
      string(3) "245"
      [2]=>
      string(2) "15"
      [3]=>
      string(16) "2001-08-16 20:30"
    }
    [83]=>
    array(4) {
      [0]=>
      string(8) "10053009"
      [1]=>
      string(3) "245"
      [2]=>
      string(2) "15"
      [3]=>
      string(16) "2001-08-16 20:45"
    }
    [84]=>
    array(4) {
      [0]=>
      string(8) "10053009"
      [1]=>
      string(3) "246"
      [2]=>
      string(2) "15"
      [3]=>
      string(16) "2001-08-16 21:00"
    }
    [85]=>
    array(4) {
      [0]=>
      string(8) "10053009"
      [1]=>
      string(3) "246"
      [2]=>
      string(2) "15"
      [3]=>
      string(16) "2001-08-16 21:15"
    }
    [86]=>
    array(4) {
      [0]=>
      string(8) "10053009"
      [1]=>
      string(3) "246"
      [2]=>
      string(2) "15"
      [3]=>
      string(16) "2001-08-16 21:30"
    }
    [87]=>
    array(4) {
      [0]=>
      string(8) "10053009"
      [1]=>
      string(3) "246"
      [2]=>
      string(2) "15"
      [3]=>
      string(16) "2001-08-16 21:45"
    }
    [88]=>
    array(4) {
      [0]=>
      string(8) "10053009"
      [1]=>
      string(3) "247"
      [2]=>
      string(2) "15"
      [3]=>
      string(16) "2001-08-16 22:00"
    }
    [89]=>
    array(4) {
      [0]=>
      string(8) "10053009"
      [1]=>
      string(3) "247"
      [2]=>
      string(2) "15"
      [3]=>
      string(16) "2001-08-16 22:15"
    }
    [90]=>
    array(4) {
      [0]=>
      string(8) "10053009"
      [1]=>
      string(3) "248"
      [2]=>
      string(2) "15"
      [3]=>
      string(16) "2001-08-16 22:30"
    }
    [91]=>
    array(4) {
      [0]=>
      string(8) "10053009"
      [1]=>
      string(3) "248"
      [2]=>
      string(2) "15"
      [3]=>
      string(16) "2001-08-16 22:45"
    }
    [92]=>
    array(4) {
      [0]=>
      string(8) "10053009"
      [1]=>
      string(3) "249"
      [2]=>
      string(2) "15"
      [3]=>
      string(16) "2001-08-16 23:00"
    }
    [93]=>
    array(4) {
      [0]=>
      string(8) "10053009"
      [1]=>
      string(3) "249"
      [2]=>
      string(2) "15"
      [3]=>
      string(16) "2001-08-16 23:15"
    }
    [94]=>
    array(4) {
      [0]=>
      string(8) "10053009"
      [1]=>
      string(3) "250"
      [2]=>
      string(2) "15"
      [3]=>
      string(16) "2001-08-16 23:30"
    }
    [95]=>
    array(4) {
      [0]=>
      string(8) "10053009"
      [1]=>
      string(3) "250"
      [2]=>
      string(2) "15"
      [3]=>
      string(16) "2001-08-16 23:45"
    }
    [96]=>
    array(4) {
      [0]=>
      string(8) "10053009"
      [1]=>
      string(3) "250"
      [2]=>
      string(2) "15"
      [3]=>
      string(16) "2001-08-17 00:00"
    }
    [97]=>
    array(4) {
      [0]=>
      string(8) "10053009"
      [1]=>
      string(3) "251"
      [2]=>
      string(2) "15"
      [3]=>
      string(16) "2001-08-17 00:15"
    }
    [98]=>
    array(4) {
      [0]=>
      string(8) "10053009"
      [1]=>
      string(3) "251"
      [2]=>
      string(2) "15"
      [3]=>
      string(16) "2001-08-17 00:30"
    }
    [99]=>
    array(4) {
      [0]=>
      string(8) "10053009"
      [1]=>
      string(3) "251"
      [2]=>
      string(2) "15"
      [3]=>
      string(16) "2001-08-17 00:45"
    }
    [100]=>
    array(4) {
      [0]=>
      string(8) "10053009"
      [1]=>
      string(3) "251"
      [2]=>
      string(2) "15"
      [3]=>
      string(16) "2001-08-17 01:00"
    }
    [101]=>
    array(4) {
      [0]=>
      string(8) "10053009"
      [1]=>
      string(3) "252"
      [2]=>
      string(2) "15"
      [3]=>
      string(16) "2001-08-17 01:15"
    }
    [102]=>
    array(4) {
      [0]=>
      string(8) "10053009"
      [1]=>
      string(3) "252"
      [2]=>
      string(2) "15"
      [3]=>
      string(16) "2001-08-17 01:30"
    }
    [103]=>
    array(4) {
      [0]=>
      string(8) "10053009"
      [1]=>
      string(3) "252"
      [2]=>
      string(2) "15"
      [3]=>
      string(16) "2001-08-17 01:45"
    }
    [104]=>
    array(4) {
      [0]=>
      string(8) "10053009"
      [1]=>
      string(3) "252"
      [2]=>
      string(2) "15"
      [3]=>
      string(16) "2001-08-17 02:00"
    }
    [105]=>
    array(4) {
      [0]=>
      string(8) "10053009"
      [1]=>
      string(3) "253"
      [2]=>
      string(2) "15"
      [3]=>
      string(16) "2001-08-17 02:15"
    }
    [106]=>
    array(4) {
      [0]=>
      string(8) "10053009"
      [1]=>
      string(3) "253"
      [2]=>
      string(2) "15"
      [3]=>
      string(16) "2001-08-17 02:30"
    }
    [107]=>
    array(4) {
      [0]=>
      string(8) "10053009"
      [1]=>
      string(3) "253"
      [2]=>
      string(2) "15"
      [3]=>
      string(16) "2001-08-17 02:45"
    }
    [108]=>
    array(4) {
      [0]=>
      string(8) "10053009"
      [1]=>
      string(3) "253"
      [2]=>
      string(2) "15"
      [3]=>
      string(16) "2001-08-17 03:00"
    }
    [109]=>
    array(4) {
      [0]=>
      string(8) "10053009"
      [1]=>
      string(3) "253"
      [2]=>
      string(2) "15"
      [3]=>
      string(16) "2001-08-17 03:15"
    }
    [110]=>
    array(4) {
      [0]=>
      string(8) "10053009"
      [1]=>
      string(3) "253"
      [2]=>
      string(2) "15"
      [3]=>
      string(16) "2001-08-17 03:30"
    }
    [111]=>
    array(4) {
      [0]=>
      string(8) "10053009"
      [1]=>
      string(3) "253"
      [2]=>
      string(2) "15"
      [3]=>
      string(16) "2001-08-17 03:45"
    }
    [112]=>
    array(4) {
      [0]=>
      string(8) "10053009"
      [1]=>
      string(3) "253"
      [2]=>
      string(2) "15"
      [3]=>
      string(16) "2001-08-17 04:00"
    }
    [113]=>
    array(4) {
      [0]=>
      string(8) "10053009"
      [1]=>
      string(3) "253"
      [2]=>
      string(2) "15"
      [3]=>
      string(16) "2001-08-17 04:15"
    }
    [114]=>
    array(4) {
      [0]=>
      string(8) "10053009"
      [1]=>
      string(3) "253"
      [2]=>
      string(2) "15"
      [3]=>
      string(16) "2001-08-17 04:30"
    }
    [115]=>
    array(4) {
      [0]=>
      string(8) "10053009"
      [1]=>
      string(3) "253"
      [2]=>
      string(2) "15"
      [3]=>
      string(16) "2001-08-17 04:45"
    }
    [116]=>
    array(4) {
      [0]=>
      string(8) "10053009"
      [1]=>
      string(3) "253"
      [2]=>
      string(2) "15"
      [3]=>
      string(16) "2001-08-17 05:00"
    }
    [117]=>
    array(4) {
      [0]=>
      string(8) "10053009"
      [1]=>
      string(3) "253"
      [2]=>
      string(2) "15"
      [3]=>
      string(16) "2001-08-17 05:15"
    }
    [118]=>
    array(4) {
      [0]=>
      string(8) "10053009"
      [1]=>
      string(3) "253"
      [2]=>
      string(2) "15"
      [3]=>
      string(16) "2001-08-17 05:30"
    }
    [119]=>
    array(4) {
      [0]=>
      string(8) "10053009"
      [1]=>
      string(3) "253"
      [2]=>
      string(2) "15"
      [3]=>
      string(16) "2001-08-17 05:45"
    }
    [120]=>
    array(4) {
      [0]=>
      string(8) "10053009"
      [1]=>
      string(3) "253"
      [2]=>
      string(2) "15"
      [3]=>
      string(16) "2001-08-17 06:00"
    }
    [121]=>
    array(4) {
      [0]=>
      string(8) "10053009"
      [1]=>
      string(3) "253"
      [2]=>
      string(2) "15"
      [3]=>
      string(16) "2001-08-17 06:15"
    }
    [122]=>
    array(4) {
      [0]=>
      string(8) "10053009"
      [1]=>
      string(3) "253"
      [2]=>
      string(2) "15"
      [3]=>
      string(16) "2001-08-17 06:30"
    }
    [123]=>
    array(4) {
      [0]=>
      string(8) "10053009"
      [1]=>
      string(3) "253"
      [2]=>
      string(2) "15"
      [3]=>
      string(16) "2001-08-17 06:45"
    }
    [124]=>
    array(4) {
      [0]=>
      string(8) "10053009"
      [1]=>
      string(3) "253"
      [2]=>
      string(2) "15"
      [3]=>
      string(16) "2001-08-17 07:00"
    }
    [125]=>
    array(4) {
      [0]=>
      string(8) "10053009"
      [1]=>
      string(3) "253"
      [2]=>
      string(2) "15"
      [3]=>
      string(16) "2001-08-17 07:15"
    }
    [126]=>
    array(4) {
      [0]=>
      string(8) "10053009"
      [1]=>
      string(3) "253"
      [2]=>
      string(2) "15"
      [3]=>
      string(16) "2001-08-17 07:30"
    }
    [127]=>
    array(4) {
      [0]=>
      string(8) "10053009"
      [1]=>
      string(3) "253"
      [2]=>
      string(2) "15"
      [3]=>
      string(16) "2001-08-17 07:45"
    }
    [128]=>
    array(4) {
      [0]=>
      string(8) "10053009"
      [1]=>
      string(3) "253"
      [2]=>
      string(2) "15"
      [3]=>
      string(16) "2001-08-17 08:00"
    }
    [129]=>
    array(4) {
      [0]=>
      string(8) "10053009"
      [1]=>
      string(3) "253"
      [2]=>
      string(2) "15"
      [3]=>
      string(16) "2001-08-17 08:15"
    }
    [130]=>
    array(4) {
      [0]=>
      string(8) "10053009"
      [1]=>
      string(3) "252"
      [2]=>
      string(2) "15"
      [3]=>
      string(16) "2001-08-17 08:30"
    }
    [131]=>
    array(4) {
      [0]=>
      string(8) "10053009"
      [1]=>
      string(3) "251"
      [2]=>
      string(2) "15"
      [3]=>
      string(16) "2001-08-17 08:45"
    }
    [132]=>
    array(4) {
      [0]=>
      string(8) "10053009"
      [1]=>
      string(3) "250"
      [2]=>
      string(2) "15"
      [3]=>
      string(16) "2001-08-17 09:00"
    }
    [133]=>
    array(4) {
      [0]=>
      string(8) "10053009"
      [1]=>
      string(3) "251"
      [2]=>
      string(2) "15"
      [3]=>
      string(16) "2001-08-17 09:15"
    }
    [134]=>
    array(4) {
      [0]=>
      string(8) "10053009"
      [1]=>
      string(3) "251"
      [2]=>
      string(2) "15"
      [3]=>
      string(16) "2001-08-17 09:30"
    }
    [135]=>
    array(4) {
      [0]=>
      string(8) "10053009"
      [1]=>
      string(3) "250"
      [2]=>
      string(2) "15"
      [3]=>
      string(16) "2001-08-17 09:45"
    }
    [136]=>
    array(4) {
      [0]=>
      string(8) "10053009"
      [1]=>
      string(3) "250"
      [2]=>
      string(2) "15"
      [3]=>
      string(16) "2001-08-17 10:00"
    }
    [137]=>
    array(4) {
      [0]=>
      string(8) "10053009"
      [1]=>
      string(3) "250"
      [2]=>
      string(2) "15"
      [3]=>
      string(16) "2001-08-17 10:15"
    }
    [138]=>
    array(4) {
      [0]=>
      string(8) "10053009"
      [1]=>
      string(3) "249"
      [2]=>
      string(2) "15"
      [3]=>
      string(16) "2001-08-17 10:30"
    }
    [139]=>
    array(4) {
      [0]=>
      string(8) "10053009"
      [1]=>
      string(3) "250"
      [2]=>
      string(2) "15"
      [3]=>
      string(16) "2001-08-17 10:45"
    }
    [140]=>
    array(4) {
      [0]=>
      string(8) "10053009"
      [1]=>
      string(3) "249"
      [2]=>
      string(2) "15"
      [3]=>
      string(16) "2001-08-17 11:00"
    }
    [141]=>
    array(4) {
      [0]=>
      string(8) "10053009"
      [1]=>
      string(3) "249"
      [2]=>
      string(2) "15"
      [3]=>
      string(16) "2001-08-17 11:15"
    }
    [142]=>
    array(4) {
      [0]=>
      string(8) "10053009"
      [1]=>
      string(3) "250"
      [2]=>
      string(2) "15"
      [3]=>
      string(16) "2001-08-17 11:30"
    }
    [143]=>
    array(4) {
      [0]=>
      string(8) "10053009"
      [1]=>
      string(3) "250"
      [2]=>
      string(2) "15"
      [3]=>
      string(16) "2001-08-17 11:45"
    }
    [144]=>
    array(4) {
      [0]=>
      string(8) "10053009"
      [1]=>
      string(3) "249"
      [2]=>
      string(2) "15"
      [3]=>
      string(16) "2001-08-17 12:00"
    }
    [145]=>
    array(4) {
      [0]=>
      string(8) "10053009"
      [1]=>
      string(3) "249"
      [2]=>
      string(2) "15"
      [3]=>
      string(16) "2001-08-17 12:15"
    }
    [146]=>
    array(4) {
      [0]=>
      string(8) "10053009"
      [1]=>
      string(3) "249"
      [2]=>
      string(2) "15"
      [3]=>
      string(16) "2001-08-17 12:30"
    }
    [147]=>
    array(4) {
      [0]=>
      string(8) "10053009"
      [1]=>
      string(3) "250"
      [2]=>
      string(2) "15"
      [3]=>
      string(16) "2001-08-17 12:45"
    }
    [148]=>
    array(4) {
      [0]=>
      string(8) "10053009"
      [1]=>
      string(3) "250"
      [2]=>
      string(2) "15"
      [3]=>
      string(16) "2001-08-17 13:00"
    }
    [149]=>
    array(4) {
      [0]=>
      string(8) "10053009"
      [1]=>
      string(3) "250"
      [2]=>
      string(2) "15"
      [3]=>
      string(16) "2001-08-17 13:15"
    }
    [150]=>
    array(4) {
      [0]=>
      string(8) "10053009"
      [1]=>
      string(3) "251"
      [2]=>
      string(2) "15"
      [3]=>
      string(16) "2001-08-17 13:30"
    }
    [151]=>
    array(4) {
      [0]=>
      string(8) "10053009"
      [1]=>
      string(3) "252"
      [2]=>
      string(2) "15"
      [3]=>
      string(16) "2001-08-17 13:45"
    }
    [152]=>
    array(4) {
      [0]=>
      string(8) "10053009"
      [1]=>
      string(3) "254"
      [2]=>
      string(2) "15"
      [3]=>
      string(16) "2001-08-17 14:00"
    }
    [153]=>
    array(4) {
      [0]=>
      string(8) "10053009"
      [1]=>
      string(3) "255"
      [2]=>
      string(2) "15"
      [3]=>
      string(16) "2001-08-17 14:15"
    }
    [154]=>
    array(4) {
      [0]=>
      string(8) "10053009"
      [1]=>
      string(3) "256"
      [2]=>
      string(2) "15"
      [3]=>
      string(16) "2001-08-17 14:30"
    }
    [155]=>
    array(4) {
      [0]=>
      string(8) "10053009"
      [1]=>
      string(3) "257"
      [2]=>
      string(2) "15"
      [3]=>
      string(16) "2001-08-17 14:45"
    }
    [156]=>
    array(4) {
      [0]=>
      string(8) "10053009"
      [1]=>
      string(3) "259"
      [2]=>
      string(2) "15"
      [3]=>
      string(16) "2001-08-17 15:00"
    }
    [157]=>
    array(4) {
      [0]=>
      string(8) "10053009"
      [1]=>
      string(3) "260"
      [2]=>
      string(2) "15"
      [3]=>
      string(16) "2001-08-17 15:15"
    }
    [158]=>
    array(4) {
      [0]=>
      string(8) "10053009"
      [1]=>
      string(3) "262"
      [2]=>
      string(2) "15"
      [3]=>
      string(16) "2001-08-17 15:30"
    }
    [159]=>
    array(4) {
      [0]=>
      string(8) "10053009"
      [1]=>
      string(3) "263"
      [2]=>
      string(2) "15"
      [3]=>
      string(16) "2001-08-17 15:45"
    }
    [160]=>
    array(4) {
      [0]=>
      string(8) "10053009"
      [1]=>
      string(3) "264"
      [2]=>
      string(2) "15"
      [3]=>
      string(16) "2001-08-17 16:00"
    }
    [161]=>
    array(4) {
      [0]=>
      string(8) "10053009"
      [1]=>
      string(3) "265"
      [2]=>
      string(2) "15"
      [3]=>
      string(16) "2001-08-17 16:15"
    }
    [162]=>
    array(4) {
      [0]=>
      string(8) "10053009"
      [1]=>
      string(3) "265"
      [2]=>
      string(2) "15"
      [3]=>
      string(16) "2001-08-17 16:30"
    }
    [163]=>
    array(4) {
      [0]=>
      string(8) "10053009"
      [1]=>
      string(3) "266"
      [2]=>
      string(2) "15"
      [3]=>
      string(16) "2001-08-17 16:45"
    }
    [164]=>
    array(4) {
      [0]=>
      string(8) "10053009"
      [1]=>
      string(3) "266"
      [2]=>
      string(2) "15"
      [3]=>
      string(16) "2001-08-17 17:00"
    }
    [165]=>
    array(4) {
      [0]=>
      string(8) "10053009"
      [1]=>
      string(3) "266"
      [2]=>
      string(2) "15"
      [3]=>
      string(16) "2001-08-17 17:15"
    }
    [166]=>
    array(4) {
      [0]=>
      string(8) "10053009"
      [1]=>
      string(3) "266"
      [2]=>
      string(2) "15"
      [3]=>
      string(16) "2001-08-17 17:30"
    }
    [167]=>
    array(4) {
      [0]=>
      string(8) "10053009"
      [1]=>
      string(3) "266"
      [2]=>
      string(2) "15"
      [3]=>
      string(16) "2001-08-17 17:45"
    }
    [168]=>
    array(4) {
      [0]=>
      string(8) "10053009"
      [1]=>
      string(3) "266"
      [2]=>
      string(2) "15"
      [3]=>
      string(16) "2001-08-17 18:00"
    }
    [169]=>
    array(4) {
      [0]=>
      string(8) "10053009"
      [1]=>
      string(3) "266"
      [2]=>
      string(2) "15"
      [3]=>
      string(16) "2001-08-17 18:15"
    }
    [170]=>
    array(4) {
      [0]=>
      string(8) "10053009"
      [1]=>
      string(3) "266"
      [2]=>
      string(2) "15"
      [3]=>
      string(16) "2001-08-17 18:30"
    }
    [171]=>
    array(4) {
      [0]=>
      string(8) "10053009"
      [1]=>
      string(3) "267"
      [2]=>
      string(2) "15"
      [3]=>
      string(16) "2001-08-17 18:45"
    }
    [172]=>
    array(4) {
      [0]=>
      string(8) "10053009"
      [1]=>
      string(3) "268"
      [2]=>
      string(2) "15"
      [3]=>
      string(16) "2001-08-17 19:00"
    }
    [173]=>
    array(4) {
      [0]=>
      string(8) "10053009"
      [1]=>
      string(3) "269"
      [2]=>
      string(2) "15"
      [3]=>
      string(16) "2001-08-17 19:15"
    }
    [174]=>
    array(4) {
      [0]=>
      string(8) "10053009"
      [1]=>
      string(3) "270"
      [2]=>
      string(2) "15"
      [3]=>
      string(16) "2001-08-17 19:30"
    }
    [175]=>
    array(4) {
      [0]=>
      string(8) "10053009"
      [1]=>
      string(3) "271"
      [2]=>
      string(2) "15"
      [3]=>
      string(16) "2001-08-17 19:45"
    }
    [176]=>
    array(4) {
      [0]=>
      string(8) "10053009"
      [1]=>
      string(3) "273"
      [2]=>
      string(2) "15"
      [3]=>
      string(16) "2001-08-17 20:00"
    }
    [177]=>
    array(4) {
      [0]=>
      string(8) "10053009"
      [1]=>
      string(3) "274"
      [2]=>
      string(2) "15"
      [3]=>
      string(16) "2001-08-17 20:15"
    }
    [178]=>
    array(4) {
      [0]=>
      string(8) "10053009"
      [1]=>
      string(3) "276"
      [2]=>
      string(2) "15"
      [3]=>
      string(16) "2001-08-17 20:30"
    }
    [179]=>
    array(4) {
      [0]=>
      string(8) "10053009"
      [1]=>
      string(3) "277"
      [2]=>
      string(2) "15"
      [3]=>
      string(16) "2001-08-17 20:45"
    }
    [180]=>
    array(4) {
      [0]=>
      string(8) "10053009"
      [1]=>
      string(3) "278"
      [2]=>
      string(2) "15"
      [3]=>
      string(16) "2001-08-17 21:00"
    }
    [181]=>
    array(4) {
      [0]=>
      string(8) "10053009"
      [1]=>
      string(3) "279"
      [2]=>
      string(2) "15"
      [3]=>
      string(16) "2001-08-17 21:15"
    }
    [182]=>
    array(4) {
      [0]=>
      string(8) "10053009"
      [1]=>
      string(3) "279"
      [2]=>
      string(2) "15"
      [3]=>
      string(16) "2001-08-17 21:30"
    }
    [183]=>
    array(4) {
      [0]=>
      string(8) "10053009"
      [1]=>
      string(3) "279"
      [2]=>
      string(2) "15"
      [3]=>
      string(16) "2001-08-17 21:45"
    }
    [184]=>
    array(4) {
      [0]=>
      string(8) "10053009"
      [1]=>
      string(3) "280"
      [2]=>
      string(2) "15"
      [3]=>
      string(16) "2001-08-17 22:00"
    }
    [185]=>
    array(4) {
      [0]=>
      string(8) "10053009"
      [1]=>
      string(3) "280"
      [2]=>
      string(2) "15"
      [3]=>
      string(16) "2001-08-17 22:15"
    }
    [186]=>
    array(4) {
      [0]=>
      string(8) "10053009"
      [1]=>
      string(3) "280"
      [2]=>
      string(2) "15"
      [3]=>
      string(16) "2001-08-17 22:30"
    }
    [187]=>
    array(4) {
      [0]=>
      string(8) "10053009"
      [1]=>
      string(3) "279"
      [2]=>
      string(2) "15"
      [3]=>
      string(16) "2001-08-17 22:45"
    }
    [188]=>
    array(4) {
      [0]=>
      string(8) "10053009"
      [1]=>
      string(3) "279"
      [2]=>
      string(2) "15"
      [3]=>
      string(16) "2001-08-17 23:00"
    }
    [189]=>
    array(4) {
      [0]=>
      string(8) "10053009"
      [1]=>
      string(3) "278"
      [2]=>
      string(2) "15"
      [3]=>
      string(16) "2001-08-17 23:15"
    }
    [190]=>
    array(4) {
      [0]=>
      string(8) "10053009"
      [1]=>
      string(3) "278"
      [2]=>
      string(2) "15"
      [3]=>
      string(16) "2001-08-17 23:30"
    }
    [191]=>
    array(4) {
      [0]=>
      string(8) "10053009"
      [1]=>
      string(3) "277"
      [2]=>
      string(2) "15"
      [3]=>
      string(16) "2001-08-17 23:45"
    }
  }
  ["c"]=>
  array(192) {
    [0]=>
    array(4) {
      [0]=>
      string(8) "10046105"
      [1]=>
      string(3) "175"
      [2]=>
      string(2) "15"
      [3]=>
      string(16) "2004-06-01 00:00"
    }
    [1]=>
    array(4) {
      [0]=>
      string(8) "10046105"
      [1]=>
      string(3) "175"
      [2]=>
      string(2) "15"
      [3]=>
      string(16) "2004-06-01 00:15"
    }
    [2]=>
    array(4) {
      [0]=>
      string(8) "10046105"
      [1]=>
      string(3) "175"
      [2]=>
      string(2) "15"
      [3]=>
      string(16) "2004-06-01 00:30"
    }
    [3]=>
    array(4) {
      [0]=>
      string(8) "10046105"
      [1]=>
      string(3) "176"
      [2]=>
      string(2) "15"
      [3]=>
      string(16) "2004-06-01 00:45"
    }
    [4]=>
    array(4) {
      [0]=>
      string(8) "10046105"
      [1]=>
      string(3) "175"
      [2]=>
      string(2) "15"
      [3]=>
      string(16) "2004-06-01 01:00"
    }
    [5]=>
    array(4) {
      [0]=>
      string(8) "10046105"
      [1]=>
      string(3) "176"
      [2]=>
      string(2) "15"
      [3]=>
      string(16) "2004-06-01 01:15"
    }
    [6]=>
    array(4) {
      [0]=>
      string(8) "10046105"
      [1]=>
      string(3) "176"
      [2]=>
      string(2) "15"
      [3]=>
      string(16) "2004-06-01 01:30"
    }
    [7]=>
    array(4) {
      [0]=>
      string(8) "10046105"
      [1]=>
      string(3) "176"
      [2]=>
      string(2) "15"
      [3]=>
      string(16) "2004-06-01 01:45"
    }
    [8]=>
    array(4) {
      [0]=>
      string(8) "10046105"
      [1]=>
      string(3) "177"
      [2]=>
      string(2) "15"
      [3]=>
      string(16) "2004-06-01 02:00"
    }
    [9]=>
    array(4) {
      [0]=>
      string(8) "10046105"
      [1]=>
      string(3) "176"
      [2]=>
      string(2) "15"
      [3]=>
      string(16) "2004-06-01 02:15"
    }
    [10]=>
    array(4) {
      [0]=>
      string(8) "10046105"
      [1]=>
      string(3) "176"
      [2]=>
      string(2) "15"
      [3]=>
      string(16) "2004-06-01 02:30"
    }
    [11]=>
    array(4) {
      [0]=>
      string(8) "10046105"
      [1]=>
      string(3) "177"
      [2]=>
      string(2) "15"
      [3]=>
      string(16) "2004-06-01 02:45"
    }
    [12]=>
    array(4) {
      [0]=>
      string(8) "10046105"
      [1]=>
      string(3) "177"
      [2]=>
      string(2) "15"
      [3]=>
      string(16) "2004-06-01 03:00"
    }
    [13]=>
    array(4) {
      [0]=>
      string(8) "10046105"
      [1]=>
      string(3) "178"
      [2]=>
      string(2) "15"
      [3]=>
      string(16) "2004-06-01 03:15"
    }
    [14]=>
    array(4) {
      [0]=>
      string(8) "10046105"
      [1]=>
      string(3) "178"
      [2]=>
      string(2) "15"
      [3]=>
      string(16) "2004-06-01 03:30"
    }
    [15]=>
    array(4) {
      [0]=>
      string(8) "10046105"
      [1]=>
      string(3) "178"
      [2]=>
      string(2) "15"
      [3]=>
      string(16) "2004-06-01 03:45"
    }
    [16]=>
    array(4) {
      [0]=>
      string(8) "10046105"
      [1]=>
      string(3) "178"
      [2]=>
      string(2) "15"
      [3]=>
      string(16) "2004-06-01 04:00"
    }
    [17]=>
    array(4) {
      [0]=>
      string(8) "10046105"
      [1]=>
      string(3) "179"
      [2]=>
      string(2) "15"
      [3]=>
      string(16) "2004-06-01 04:15"
    }
    [18]=>
    array(4) {
      [0]=>
      string(8) "10046105"
      [1]=>
      string(3) "178"
      [2]=>
      string(2) "15"
      [3]=>
      string(16) "2004-06-01 04:30"
    }
    [19]=>
    array(4) {
      [0]=>
      string(8) "10046105"
      [1]=>
      string(3) "178"
      [2]=>
      string(2) "15"
      [3]=>
      string(16) "2004-06-01 04:45"
    }
    [20]=>
    array(4) {
      [0]=>
      string(8) "10046105"
      [1]=>
      string(3) "178"
      [2]=>
      string(2) "15"
      [3]=>
      string(16) "2004-06-01 05:00"
    }
    [21]=>
    array(4) {
      [0]=>
      string(8) "10046105"
      [1]=>
      string(3) "178"
      [2]=>
      string(2) "15"
      [3]=>
      string(16) "2004-06-01 05:15"
    }
    [22]=>
    array(4) {
      [0]=>
      string(8) "10046105"
      [1]=>
      string(3) "178"
      [2]=>
      string(2) "15"
      [3]=>
      string(16) "2004-06-01 05:30"
    }
    [23]=>
    array(4) {
      [0]=>
      string(8) "10046105"
      [1]=>
      string(3) "178"
      [2]=>
      string(2) "15"
      [3]=>
      string(16) "2004-06-01 05:45"
    }
    [24]=>
    array(4) {
      [0]=>
      string(8) "10046105"
      [1]=>
      string(3) "178"
      [2]=>
      string(2) "15"
      [3]=>
      string(16) "2004-06-01 06:00"
    }
    [25]=>
    array(4) {
      [0]=>
      string(8) "10046105"
      [1]=>
      string(3) "178"
      [2]=>
      string(2) "15"
      [3]=>
      string(16) "2004-06-01 06:15"
    }
    [26]=>
    array(4) {
      [0]=>
      string(8) "10046105"
      [1]=>
      string(3) "178"
      [2]=>
      string(2) "15"
      [3]=>
      string(16) "2004-06-01 06:30"
    }
    [27]=>
    array(4) {
      [0]=>
      string(8) "10046105"
      [1]=>
      string(3) "178"
      [2]=>
      string(2) "15"
      [3]=>
      string(16) "2004-06-01 06:45"
    }
    [28]=>
    array(4) {
      [0]=>
      string(8) "10046105"
      [1]=>
      string(3) "178"
      [2]=>
      string(2) "15"
      [3]=>
      string(16) "2004-06-01 07:00"
    }
    [29]=>
    array(4) {
      [0]=>
      string(8) "10046105"
      [1]=>
      string(3) "178"
      [2]=>
      string(2) "15"
      [3]=>
      string(16) "2004-06-01 07:15"
    }
    [30]=>
    array(4) {
      [0]=>
      string(8) "10046105"
      [1]=>
      string(3) "179"
      [2]=>
      string(2) "15"
      [3]=>
      string(16) "2004-06-01 07:30"
    }
    [31]=>
    array(4) {
      [0]=>
      string(8) "10046105"
      [1]=>
      string(3) "179"
      [2]=>
      string(2) "15"
      [3]=>
      string(16) "2004-06-01 07:45"
    }
    [32]=>
    array(4) {
      [0]=>
      string(8) "10046105"
      [1]=>
      string(3) "178"
      [2]=>
      string(2) "15"
      [3]=>
      string(16) "2004-06-01 08:00"
    }
    [33]=>
    array(4) {
      [0]=>
      string(8) "10046105"
      [1]=>
      string(3) "178"
      [2]=>
      string(2) "15"
      [3]=>
      string(16) "2004-06-01 08:15"
    }
    [34]=>
    array(4) {
      [0]=>
      string(8) "10046105"
      [1]=>
      string(3) "178"
      [2]=>
      string(2) "15"
      [3]=>
      string(16) "2004-06-01 08:30"
    }
    [35]=>
    array(4) {
      [0]=>
      string(8) "10046105"
      [1]=>
      string(3) "178"
      [2]=>
      string(2) "15"
      [3]=>
      string(16) "2004-06-01 08:45"
    }
    [36]=>
    array(4) {
      [0]=>
      string(8) "10046105"
      [1]=>
      string(3) "178"
      [2]=>
      string(2) "15"
      [3]=>
      string(16) "2004-06-01 09:00"
    }
    [37]=>
    array(4) {
      [0]=>
      string(8) "10046105"
      [1]=>
      string(3) "178"
      [2]=>
      string(2) "15"
      [3]=>
      string(16) "2004-06-01 09:15"
    }
    [38]=>
    array(4) {
      [0]=>
      string(8) "10046105"
      [1]=>
      string(3) "178"
      [2]=>
      string(2) "15"
      [3]=>
      string(16) "2004-06-01 09:30"
    }
    [39]=>
    array(4) {
      [0]=>
      string(8) "10046105"
      [1]=>
      string(3) "178"
      [2]=>
      string(2) "15"
      [3]=>
      string(16) "2004-06-01 09:45"
    }
    [40]=>
    array(4) {
      [0]=>
      string(8) "10046105"
      [1]=>
      string(3) "178"
      [2]=>
      string(2) "15"
      [3]=>
      string(16) "2004-06-01 10:00"
    }
    [41]=>
    array(4) {
      [0]=>
      string(8) "10046105"
      [1]=>
      string(3) "179"
      [2]=>
      string(2) "15"
      [3]=>
      string(16) "2004-06-01 10:15"
    }
    [42]=>
    array(4) {
      [0]=>
      string(8) "10046105"
      [1]=>
      string(3) "180"
      [2]=>
      string(2) "15"
      [3]=>
      string(16) "2004-06-01 10:30"
    }
    [43]=>
    array(4) {
      [0]=>
      string(8) "10046105"
      [1]=>
      string(3) "181"
      [2]=>
      string(2) "15"
      [3]=>
      string(16) "2004-06-01 10:45"
    }
    [44]=>
    array(4) {
      [0]=>
      string(8) "10046105"
      [1]=>
      string(3) "181"
      [2]=>
      string(2) "15"
      [3]=>
      string(16) "2004-06-01 11:00"
    }
    [45]=>
    array(4) {
      [0]=>
      string(8) "10046105"
      [1]=>
      string(3) "182"
      [2]=>
      string(2) "15"
      [3]=>
      string(16) "2004-06-01 11:15"
    }
    [46]=>
    array(4) {
      [0]=>
      string(8) "10046105"
      [1]=>
      string(3) "183"
      [2]=>
      string(2) "15"
      [3]=>
      string(16) "2004-06-01 11:30"
    }
    [47]=>
    array(4) {
      [0]=>
      string(8) "10046105"
      [1]=>
      string(3) "183"
      [2]=>
      string(2) "15"
      [3]=>
      string(16) "2004-06-01 11:45"
    }
    [48]=>
    array(4) {
      [0]=>
      string(8) "10046105"
      [1]=>
      string(3) "183"
      [2]=>
      string(2) "15"
      [3]=>
      string(16) "2004-06-01 12:00"
    }
    [49]=>
    array(4) {
      [0]=>
      string(8) "10046105"
      [1]=>
      string(3) "183"
      [2]=>
      string(2) "15"
      [3]=>
      string(16) "2004-06-01 12:15"
    }
    [50]=>
    array(4) {
      [0]=>
      string(8) "10046105"
      [1]=>
      string(3) "183"
      [2]=>
      string(2) "15"
      [3]=>
      string(16) "2004-06-01 12:30"
    }
    [51]=>
    array(4) {
      [0]=>
      string(8) "10046105"
      [1]=>
      string(3) "185"
      [2]=>
      string(2) "15"
      [3]=>
      string(16) "2004-06-01 12:45"
    }
    [52]=>
    array(4) {
      [0]=>
      string(8) "10046105"
      [1]=>
      string(3) "183"
      [2]=>
      string(2) "15"
      [3]=>
      string(16) "2004-06-01 13:00"
    }
    [53]=>
    array(4) {
      [0]=>
      string(8) "10046105"
      [1]=>
      string(3) "183"
      [2]=>
      string(2) "15"
      [3]=>
      string(16) "2004-06-01 13:15"
    }
    [54]=>
    array(4) {
      [0]=>
      string(8) "10046105"
      [1]=>
      string(3) "183"
      [2]=>
      string(2) "15"
      [3]=>
      string(16) "2004-06-01 13:30"
    }
    [55]=>
    array(4) {
      [0]=>
      string(8) "10046105"
      [1]=>
      string(3) "182"
      [2]=>
      string(2) "15"
      [3]=>
      string(16) "2004-06-01 13:45"
    }
    [56]=>
    array(4) {
      [0]=>
      string(8) "10046105"
      [1]=>
      string(3) "182"
      [2]=>
      string(2) "15"
      [3]=>
      string(16) "2004-06-01 14:00"
    }
    [57]=>
    array(4) {
      [0]=>
      string(8) "10046105"
      [1]=>
      string(3) "181"
      [2]=>
      string(2) "15"
      [3]=>
      string(16) "2004-06-01 14:15"
    }
    [58]=>
    array(4) {
      [0]=>
      string(8) "10046105"
      [1]=>
      string(3) "182"
      [2]=>
      string(2) "15"
      [3]=>
      string(16) "2004-06-01 14:30"
    }
    [59]=>
    array(4) {
      [0]=>
      string(8) "10046105"
      [1]=>
      string(3) "182"
      [2]=>
      string(2) "15"
      [3]=>
      string(16) "2004-06-01 14:45"
    }
    [60]=>
    array(4) {
      [0]=>
      string(8) "10046105"
      [1]=>
      string(3) "182"
      [2]=>
      string(2) "15"
      [3]=>
      string(16) "2004-06-01 15:00"
    }
    [61]=>
    array(4) {
      [0]=>
      string(8) "10046105"
      [1]=>
      string(3) "182"
      [2]=>
      string(2) "15"
      [3]=>
      string(16) "2004-06-01 15:15"
    }
    [62]=>
    array(4) {
      [0]=>
      string(8) "10046105"
      [1]=>
      string(3) "182"
      [2]=>
      string(2) "15"
      [3]=>
      string(16) "2004-06-01 15:30"
    }
    [63]=>
    array(4) {
      [0]=>
      string(8) "10046105"
      [1]=>
      string(3) "182"
      [2]=>
      string(2) "15"
      [3]=>
      string(16) "2004-06-01 15:45"
    }
    [64]=>
    array(4) {
      [0]=>
      string(8) "10046105"
      [1]=>
      string(3) "182"
      [2]=>
      string(2) "15"
      [3]=>
      string(16) "2004-06-01 16:00"
    }
    [65]=>
    array(4) {
      [0]=>
      string(8) "10046105"
      [1]=>
      string(3) "184"
      [2]=>
      string(2) "15"
      [3]=>
      string(16) "2004-06-01 16:15"
    }
    [66]=>
    array(4) {
      [0]=>
      string(8) "10046105"
      [1]=>
      string(3) "185"
      [2]=>
      string(2) "15"
      [3]=>
      string(16) "2004-06-01 16:30"
    }
    [67]=>
    array(4) {
      [0]=>
      string(8) "10046105"
      [1]=>
      string(3) "184"
      [2]=>
      string(2) "15"
      [3]=>
      string(16) "2004-06-01 16:45"
    }
    [68]=>
    array(4) {
      [0]=>
      string(8) "10046105"
      [1]=>
      string(3) "185"
      [2]=>
      string(2) "15"
      [3]=>
      string(16) "2004-06-01 17:00"
    }
    [69]=>
    array(4) {
      [0]=>
      string(8) "10046105"
      [1]=>
      string(3) "184"
      [2]=>
      string(2) "15"
      [3]=>
      string(16) "2004-06-01 17:15"
    }
    [70]=>
    array(4) {
      [0]=>
      string(8) "10046105"
      [1]=>
      string(3) "184"
      [2]=>
      string(2) "15"
      [3]=>
      string(16) "2004-06-01 17:30"
    }
    [71]=>
    array(4) {
      [0]=>
      string(8) "10046105"
      [1]=>
      string(3) "184"
      [2]=>
      string(2) "15"
      [3]=>
      string(16) "2004-06-01 17:45"
    }
    [72]=>
    array(4) {
      [0]=>
      string(8) "10046105"
      [1]=>
      string(3) "184"
      [2]=>
      string(2) "15"
      [3]=>
      string(16) "2004-06-01 18:00"
    }
    [73]=>
    array(4) {
      [0]=>
      string(8) "10046105"
      [1]=>
      string(3) "185"
      [2]=>
      string(2) "15"
      [3]=>
      string(16) "2004-06-01 18:15"
    }
    [74]=>
    array(4) {
      [0]=>
      string(8) "10046105"
      [1]=>
      string(3) "188"
      [2]=>
      string(2) "15"
      [3]=>
      string(16) "2004-06-01 18:30"
    }
    [75]=>
    array(4) {
      [0]=>
      string(8) "10046105"
      [1]=>
      string(3) "188"
      [2]=>
      string(2) "15"
      [3]=>
      string(16) "2004-06-01 18:45"
    }
    [76]=>
    array(4) {
      [0]=>
      string(8) "10046105"
      [1]=>
      string(3) "188"
      [2]=>
      string(2) "15"
      [3]=>
      string(16) "2004-06-01 19:00"
    }
    [77]=>
    array(4) {
      [0]=>
      string(8) "10046105"
      [1]=>
      string(3) "188"
      [2]=>
      string(2) "15"
      [3]=>
      string(16) "2004-06-01 19:15"
    }
    [78]=>
    array(4) {
      [0]=>
      string(8) "10046105"
      [1]=>
      string(3) "188"
      [2]=>
      string(2) "15"
      [3]=>
      string(16) "2004-06-01 19:30"
    }
    [79]=>
    array(4) {
      [0]=>
      string(8) "10046105"
      [1]=>
      string(3) "189"
      [2]=>
      string(2) "15"
      [3]=>
      string(16) "2004-06-01 19:45"
    }
    [80]=>
    array(4) {
      [0]=>
      string(8) "10046105"
      [1]=>
      string(3) "188"
      [2]=>
      string(2) "15"
      [3]=>
      string(16) "2004-06-01 20:00"
    }
    [81]=>
    array(4) {
      [0]=>
      string(8) "10046105"
      [1]=>
      string(3) "188"
      [2]=>
      string(2) "15"
      [3]=>
      string(16) "2004-06-01 20:15"
    }
    [82]=>
    array(4) {
      [0]=>
      string(8) "10046105"
      [1]=>
      string(3) "188"
      [2]=>
      string(2) "15"
      [3]=>
      string(16) "2004-06-01 20:30"
    }
    [83]=>
    array(4) {
      [0]=>
      string(8) "10046105"
      [1]=>
      string(3) "189"
      [2]=>
      string(2) "15"
      [3]=>
      string(16) "2004-06-01 20:45"
    }
    [84]=>
    array(4) {
      [0]=>
      string(8) "10046105"
      [1]=>
      string(3) "188"
      [2]=>
      string(2) "15"
      [3]=>
      string(16) "2004-06-01 21:00"
    }
    [85]=>
    array(4) {
      [0]=>
      string(8) "10046105"
      [1]=>
      string(3) "188"
      [2]=>
      string(2) "15"
      [3]=>
      string(16) "2004-06-01 21:15"
    }
    [86]=>
    array(4) {
      [0]=>
      string(8) "10046105"
      [1]=>
      string(3) "188"
      [2]=>
      string(2) "15"
      [3]=>
      string(16) "2004-06-01 21:30"
    }
    [87]=>
    array(4) {
      [0]=>
      string(8) "10046105"
      [1]=>
      string(3) "189"
      [2]=>
      string(2) "15"
      [3]=>
      string(16) "2004-06-01 21:45"
    }
    [88]=>
    array(4) {
      [0]=>
      string(8) "10046105"
      [1]=>
      string(3) "190"
      [2]=>
      string(2) "15"
      [3]=>
      string(16) "2004-06-01 22:00"
    }
    [89]=>
    array(4) {
      [0]=>
      string(8) "10046105"
      [1]=>
      string(3) "191"
      [2]=>
      string(2) "15"
      [3]=>
      string(16) "2004-06-01 22:15"
    }
    [90]=>
    array(4) {
      [0]=>
      string(8) "10046105"
      [1]=>
      string(3) "191"
      [2]=>
      string(2) "15"
      [3]=>
      string(16) "2004-06-01 22:30"
    }
    [91]=>
    array(4) {
      [0]=>
      string(8) "10046105"
      [1]=>
      string(3) "191"
      [2]=>
      string(2) "15"
      [3]=>
      string(16) "2004-06-01 22:45"
    }
    [92]=>
    array(4) {
      [0]=>
      string(8) "10046105"
      [1]=>
      string(3) "191"
      [2]=>
      string(2) "15"
      [3]=>
      string(16) "2004-06-01 23:00"
    }
    [93]=>
    array(4) {
      [0]=>
      string(8) "10046105"
      [1]=>
      string(3) "191"
      [2]=>
      string(2) "15"
      [3]=>
      string(16) "2004-06-01 23:15"
    }
    [94]=>
    array(4) {
      [0]=>
      string(8) "10046105"
      [1]=>
      string(3) "191"
      [2]=>
      string(2) "15"
      [3]=>
      string(16) "2004-06-01 23:30"
    }
    [95]=>
    array(4) {
      [0]=>
      string(8) "10046105"
      [1]=>
      string(3) "191"
      [2]=>
      string(2) "15"
      [3]=>
      string(16) "2004-06-01 23:45"
    }
    [96]=>
    array(4) {
      [0]=>
      string(8) "10046105"
      [1]=>
      string(3) "191"
      [2]=>
      string(2) "15"
      [3]=>
      string(16) "2004-06-02 00:00"
    }
    [97]=>
    array(4) {
      [0]=>
      string(8) "10046105"
      [1]=>
      string(3) "192"
      [2]=>
      string(2) "15"
      [3]=>
      string(16) "2004-06-02 00:15"
    }
    [98]=>
    array(4) {
      [0]=>
      string(8) "10046105"
      [1]=>
      string(3) "193"
      [2]=>
      string(2) "15"
      [3]=>
      string(16) "2004-06-02 00:30"
    }
    [99]=>
    array(4) {
      [0]=>
      string(8) "10046105"
      [1]=>
      string(3) "194"
      [2]=>
      string(2) "15"
      [3]=>
      string(16) "2004-06-02 00:45"
    }
    [100]=>
    array(4) {
      [0]=>
      string(8) "10046105"
      [1]=>
      string(3) "195"
      [2]=>
      string(2) "15"
      [3]=>
      string(16) "2004-06-02 01:00"
    }
    [101]=>
    array(4) {
      [0]=>
      string(8) "10046105"
      [1]=>
      string(3) "195"
      [2]=>
      string(2) "15"
      [3]=>
      string(16) "2004-06-02 01:15"
    }
    [102]=>
    array(4) {
      [0]=>
      string(8) "10046105"
      [1]=>
      string(3) "196"
      [2]=>
      string(2) "15"
      [3]=>
      string(16) "2004-06-02 01:30"
    }
    [103]=>
    array(4) {
      [0]=>
      string(8) "10046105"
      [1]=>
      string(3) "196"
      [2]=>
      string(2) "15"
      [3]=>
      string(16) "2004-06-02 01:45"
    }
    [104]=>
    array(4) {
      [0]=>
      string(8) "10046105"
      [1]=>
      string(3) "195"
      [2]=>
      string(2) "15"
      [3]=>
      string(16) "2004-06-02 02:00"
    }
    [105]=>
    array(4) {
      [0]=>
      string(8) "10046105"
      [1]=>
      string(3) "195"
      [2]=>
      string(2) "15"
      [3]=>
      string(16) "2004-06-02 02:15"
    }
    [106]=>
    array(4) {
      [0]=>
      string(8) "10046105"
      [1]=>
      string(3) "194"
      [2]=>
      string(2) "15"
      [3]=>
      string(16) "2004-06-02 02:30"
    }
    [107]=>
    array(4) {
      [0]=>
      string(8) "10046105"
      [1]=>
      string(3) "195"
      [2]=>
      string(2) "15"
      [3]=>
      string(16) "2004-06-02 02:45"
    }
    [108]=>
    array(4) {
      [0]=>
      string(8) "10046105"
      [1]=>
      string(3) "196"
      [2]=>
      string(2) "15"
      [3]=>
      string(16) "2004-06-02 03:00"
    }
    [109]=>
    array(4) {
      [0]=>
      string(8) "10046105"
      [1]=>
      string(3) "196"
      [2]=>
      string(2) "15"
      [3]=>
      string(16) "2004-06-02 03:15"
    }
    [110]=>
    array(4) {
      [0]=>
      string(8) "10046105"
      [1]=>
      string(3) "195"
      [2]=>
      string(2) "15"
      [3]=>
      string(16) "2004-06-02 03:30"
    }
    [111]=>
    array(4) {
      [0]=>
      string(8) "10046105"
      [1]=>
      string(3) "196"
      [2]=>
      string(2) "15"
      [3]=>
      string(16) "2004-06-02 03:45"
    }
    [112]=>
    array(4) {
      [0]=>
      string(8) "10046105"
      [1]=>
      string(3) "196"
      [2]=>
      string(2) "15"
      [3]=>
      string(16) "2004-06-02 04:00"
    }
    [113]=>
    array(4) {
      [0]=>
      string(8) "10046105"
      [1]=>
      string(3) "197"
      [2]=>
      string(2) "15"
      [3]=>
      string(16) "2004-06-02 04:15"
    }
    [114]=>
    array(4) {
      [0]=>
      string(8) "10046105"
      [1]=>
      string(3) "197"
      [2]=>
      string(2) "15"
      [3]=>
      string(16) "2004-06-02 04:30"
    }
    [115]=>
    array(4) {
      [0]=>
      string(8) "10046105"
      [1]=>
      string(3) "197"
      [2]=>
      string(2) "15"
      [3]=>
      string(16) "2004-06-02 04:45"
    }
    [116]=>
    array(4) {
      [0]=>
      string(8) "10046105"
      [1]=>
      string(3) "197"
      [2]=>
      string(2) "15"
      [3]=>
      string(16) "2004-06-02 05:00"
    }
    [117]=>
    array(4) {
      [0]=>
      string(8) "10046105"
      [1]=>
      string(3) "197"
      [2]=>
      string(2) "15"
      [3]=>
      string(16) "2004-06-02 05:15"
    }
    [118]=>
    array(4) {
      [0]=>
      string(8) "10046105"
      [1]=>
      string(3) "197"
      [2]=>
      string(2) "15"
      [3]=>
      string(16) "2004-06-02 05:30"
    }
    [119]=>
    array(4) {
      [0]=>
      string(8) "10046105"
      [1]=>
      string(3) "198"
      [2]=>
      string(2) "15"
      [3]=>
      string(16) "2004-06-02 05:45"
    }
    [120]=>
    array(4) {
      [0]=>
      string(8) "10046105"
      [1]=>
      string(3) "196"
      [2]=>
      string(2) "15"
      [3]=>
      string(16) "2004-06-02 06:00"
    }
    [121]=>
    array(4) {
      [0]=>
      string(8) "10046105"
      [1]=>
      string(3) "196"
      [2]=>
      string(2) "15"
      [3]=>
      string(16) "2004-06-02 06:15"
    }
    [122]=>
    array(4) {
      [0]=>
      string(8) "10046105"
      [1]=>
      string(3) "196"
      [2]=>
      string(2) "15"
      [3]=>
      string(16) "2004-06-02 06:30"
    }
    [123]=>
    array(4) {
      [0]=>
      string(8) "10046105"
      [1]=>
      string(3) "197"
      [2]=>
      string(2) "15"
      [3]=>
      string(16) "2004-06-02 06:45"
    }
    [124]=>
    array(4) {
      [0]=>
      string(8) "10046105"
      [1]=>
      string(3) "197"
      [2]=>
      string(2) "15"
      [3]=>
      string(16) "2004-06-02 07:00"
    }
    [125]=>
    array(4) {
      [0]=>
      string(8) "10046105"
      [1]=>
      string(3) "197"
      [2]=>
      string(2) "15"
      [3]=>
      string(16) "2004-06-02 07:15"
    }
    [126]=>
    array(4) {
      [0]=>
      string(8) "10046105"
      [1]=>
      string(3) "196"
      [2]=>
      string(2) "15"
      [3]=>
      string(16) "2004-06-02 07:30"
    }
    [127]=>
    array(4) {
      [0]=>
      string(8) "10046105"
      [1]=>
      string(3) "197"
      [2]=>
      string(2) "15"
      [3]=>
      string(16) "2004-06-02 07:45"
    }
    [128]=>
    array(4) {
      [0]=>
      string(8) "10046105"
      [1]=>
      string(3) "198"
      [2]=>
      string(2) "15"
      [3]=>
      string(16) "2004-06-02 08:00"
    }
    [129]=>
    array(4) {
      [0]=>
      string(8) "10046105"
      [1]=>
      string(3) "197"
      [2]=>
      string(2) "15"
      [3]=>
      string(16) "2004-06-02 08:15"
    }
    [130]=>
    array(4) {
      [0]=>
      string(8) "10046105"
      [1]=>
      string(3) "197"
      [2]=>
      string(2) "15"
      [3]=>
      string(16) "2004-06-02 08:30"
    }
    [131]=>
    array(4) {
      [0]=>
      string(8) "10046105"
      [1]=>
      string(3) "196"
      [2]=>
      string(2) "15"
      [3]=>
      string(16) "2004-06-02 08:45"
    }
    [132]=>
    array(4) {
      [0]=>
      string(8) "10046105"
      [1]=>
      string(3) "196"
      [2]=>
      string(2) "15"
      [3]=>
      string(16) "2004-06-02 09:00"
    }
    [133]=>
    array(4) {
      [0]=>
      string(8) "10046105"
      [1]=>
      string(3) "194"
      [2]=>
      string(2) "15"
      [3]=>
      string(16) "2004-06-02 09:15"
    }
    [134]=>
    array(4) {
      [0]=>
      string(8) "10046105"
      [1]=>
      string(3) "195"
      [2]=>
      string(2) "15"
      [3]=>
      string(16) "2004-06-02 09:30"
    }
    [135]=>
    array(4) {
      [0]=>
      string(8) "10046105"
      [1]=>
      string(3) "197"
      [2]=>
      string(2) "15"
      [3]=>
      string(16) "2004-06-02 09:45"
    }
    [136]=>
    array(4) {
      [0]=>
      string(8) "10046105"
      [1]=>
      string(3) "197"
      [2]=>
      string(2) "15"
      [3]=>
      string(16) "2004-06-02 10:00"
    }
    [137]=>
    array(4) {
      [0]=>
      string(8) "10046105"
      [1]=>
      string(3) "197"
      [2]=>
      string(2) "15"
      [3]=>
      string(16) "2004-06-02 10:15"
    }
    [138]=>
    array(4) {
      [0]=>
      string(8) "10046105"
      [1]=>
      string(3) "196"
      [2]=>
      string(2) "15"
      [3]=>
      string(16) "2004-06-02 10:30"
    }
    [139]=>
    array(4) {
      [0]=>
      string(8) "10046105"
      [1]=>
      string(3) "196"
      [2]=>
      string(2) "15"
      [3]=>
      string(16) "2004-06-02 10:45"
    }
    [140]=>
    array(4) {
      [0]=>
      string(8) "10046105"
      [1]=>
      string(3) "197"
      [2]=>
      string(2) "15"
      [3]=>
      string(16) "2004-06-02 11:00"
    }
    [141]=>
    array(4) {
      [0]=>
      string(8) "10046105"
      [1]=>
      string(3) "197"
      [2]=>
      string(2) "15"
      [3]=>
      string(16) "2004-06-02 11:15"
    }
    [142]=>
    array(4) {
      [0]=>
      string(8) "10046105"
      [1]=>
      string(3) "197"
      [2]=>
      string(2) "15"
      [3]=>
      string(16) "2004-06-02 11:30"
    }
    [143]=>
    array(4) {
      [0]=>
      string(8) "10046105"
      [1]=>
      string(3) "197"
      [2]=>
      string(2) "15"
      [3]=>
      string(16) "2004-06-02 11:45"
    }
    [144]=>
    array(4) {
      [0]=>
      string(8) "10046105"
      [1]=>
      string(3) "198"
      [2]=>
      string(2) "15"
      [3]=>
      string(16) "2004-06-02 12:00"
    }
    [145]=>
    array(4) {
      [0]=>
      string(8) "10046105"
      [1]=>
      string(3) "199"
      [2]=>
      string(2) "15"
      [3]=>
      string(16) "2004-06-02 12:15"
    }
    [146]=>
    array(4) {
      [0]=>
      string(8) "10046105"
      [1]=>
      string(3) "199"
      [2]=>
      string(2) "15"
      [3]=>
      string(16) "2004-06-02 12:30"
    }
    [147]=>
    array(4) {
      [0]=>
      string(8) "10046105"
      [1]=>
      string(3) "200"
      [2]=>
      string(2) "15"
      [3]=>
      string(16) "2004-06-02 12:45"
    }
    [148]=>
    array(4) {
      [0]=>
      string(8) "10046105"
      [1]=>
      string(3) "200"
      [2]=>
      string(2) "15"
      [3]=>
      string(16) "2004-06-02 13:00"
    }
    [149]=>
    array(4) {
      [0]=>
      string(8) "10046105"
      [1]=>
      string(3) "199"
      [2]=>
      string(2) "15"
      [3]=>
      string(16) "2004-06-02 13:15"
    }
    [150]=>
    array(4) {
      [0]=>
      string(8) "10046105"
      [1]=>
      string(3) "199"
      [2]=>
      string(2) "15"
      [3]=>
      string(16) "2004-06-02 13:30"
    }
    [151]=>
    array(4) {
      [0]=>
      string(8) "10046105"
      [1]=>
      string(3) "200"
      [2]=>
      string(2) "15"
      [3]=>
      string(16) "2004-06-02 13:45"
    }
    [152]=>
    array(4) {
      [0]=>
      string(8) "10046105"
      [1]=>
      string(3) "200"
      [2]=>
      string(2) "15"
      [3]=>
      string(16) "2004-06-02 14:00"
    }
    [153]=>
    array(4) {
      [0]=>
      string(8) "10046105"
      [1]=>
      string(3) "201"
      [2]=>
      string(2) "15"
      [3]=>
      string(16) "2004-06-02 14:15"
    }
    [154]=>
    array(4) {
      [0]=>
      string(8) "10046105"
      [1]=>
      string(3) "201"
      [2]=>
      string(2) "15"
      [3]=>
      string(16) "2004-06-02 14:30"
    }
    [155]=>
    array(4) {
      [0]=>
      string(8) "10046105"
      [1]=>
      string(3) "201"
      [2]=>
      string(2) "15"
      [3]=>
      string(16) "2004-06-02 14:45"
    }
    [156]=>
    array(4) {
      [0]=>
      string(8) "10046105"
      [1]=>
      string(3) "201"
      [2]=>
      string(2) "15"
      [3]=>
      string(16) "2004-06-02 15:00"
    }
    [157]=>
    array(4) {
      [0]=>
      string(8) "10046105"
      [1]=>
      string(3) "201"
      [2]=>
      string(2) "15"
      [3]=>
      string(16) "2004-06-02 15:15"
    }
    [158]=>
    array(4) {
      [0]=>
      string(8) "10046105"
      [1]=>
      string(3) "200"
      [2]=>
      string(2) "15"
      [3]=>
      string(16) "2004-06-02 15:30"
    }
    [159]=>
    array(4) {
      [0]=>
      string(8) "10046105"
      [1]=>
      string(3) "200"
      [2]=>
      string(2) "15"
      [3]=>
      string(16) "2004-06-02 15:45"
    }
    [160]=>
    array(4) {
      [0]=>
      string(8) "10046105"
      [1]=>
      string(3) "200"
      [2]=>
      string(2) "15"
      [3]=>
      string(16) "2004-06-02 16:00"
    }
    [161]=>
    array(4) {
      [0]=>
      string(8) "10046105"
      [1]=>
      string(3) "201"
      [2]=>
      string(2) "15"
      [3]=>
      string(16) "2004-06-02 16:15"
    }
    [162]=>
    array(4) {
      [0]=>
      string(8) "10046105"
      [1]=>
      string(3) "201"
      [2]=>
      string(2) "15"
      [3]=>
      string(16) "2004-06-02 16:30"
    }
    [163]=>
    array(4) {
      [0]=>
      string(8) "10046105"
      [1]=>
      string(3) "201"
      [2]=>
      string(2) "15"
      [3]=>
      string(16) "2004-06-02 16:45"
    }
    [164]=>
    array(4) {
      [0]=>
      string(8) "10046105"
      [1]=>
      string(3) "201"
      [2]=>
      string(2) "15"
      [3]=>
      string(16) "2004-06-02 17:00"
    }
    [165]=>
    array(4) {
      [0]=>
      string(8) "10046105"
      [1]=>
      string(3) "200"
      [2]=>
      string(2) "15"
      [3]=>
      string(16) "2004-06-02 17:15"
    }
    [166]=>
    array(4) {
      [0]=>
      string(8) "10046105"
      [1]=>
      string(3) "200"
      [2]=>
      string(2) "15"
      [3]=>
      string(16) "2004-06-02 17:30"
    }
    [167]=>
    array(4) {
      [0]=>
      string(8) "10046105"
      [1]=>
      string(3) "199"
      [2]=>
      string(2) "15"
      [3]=>
      string(16) "2004-06-02 17:45"
    }
    [168]=>
    array(4) {
      [0]=>
      string(8) "10046105"
      [1]=>
      string(3) "200"
      [2]=>
      string(2) "15"
      [3]=>
      string(16) "2004-06-02 18:00"
    }
    [169]=>
    array(4) {
      [0]=>
      string(8) "10046105"
      [1]=>
      string(3) "200"
      [2]=>
      string(2) "15"
      [3]=>
      string(16) "2004-06-02 18:15"
    }
    [170]=>
    array(4) {
      [0]=>
      string(8) "10046105"
      [1]=>
      string(3) "200"
      [2]=>
      string(2) "15"
      [3]=>
      string(16) "2004-06-02 18:30"
    }
    [171]=>
    array(4) {
      [0]=>
      string(8) "10046105"
      [1]=>
      string(3) "201"
      [2]=>
      string(2) "15"
      [3]=>
      string(16) "2004-06-02 18:45"
    }
    [172]=>
    array(4) {
      [0]=>
      string(8) "10046105"
      [1]=>
      string(3) "200"
      [2]=>
      string(2) "15"
      [3]=>
      string(16) "2004-06-02 19:00"
    }
    [173]=>
    array(4) {
      [0]=>
      string(8) "10046105"
      [1]=>
      string(3) "201"
      [2]=>
      string(2) "15"
      [3]=>
      string(16) "2004-06-02 19:15"
    }
    [174]=>
    array(4) {
      [0]=>
      string(8) "10046105"
      [1]=>
      string(3) "201"
      [2]=>
      string(2) "15"
      [3]=>
      string(16) "2004-06-02 19:30"
    }
    [175]=>
    array(4) {
      [0]=>
      string(8) "10046105"
      [1]=>
      string(3) "201"
      [2]=>
      string(2) "15"
      [3]=>
      string(16) "2004-06-02 19:45"
    }
    [176]=>
    array(4) {
      [0]=>
      string(8) "10046105"
      [1]=>
      string(3) "201"
      [2]=>
      string(2) "15"
      [3]=>
      string(16) "2004-06-02 20:00"
    }
    [177]=>
    array(4) {
      [0]=>
      string(8) "10046105"
      [1]=>
      string(3) "201"
      [2]=>
      string(2) "15"
      [3]=>
      string(16) "2004-06-02 20:15"
    }
    [178]=>
    array(4) {
      [0]=>
      string(8) "10046105"
      [1]=>
      string(3) "201"
      [2]=>
      string(2) "15"
      [3]=>
      string(16) "2004-06-02 20:30"
    }
    [179]=>
    array(4) {
      [0]=>
      string(8) "10046105"
      [1]=>
      string(3) "201"
      [2]=>
      string(2) "15"
      [3]=>
      string(16) "2004-06-02 20:45"
    }
    [180]=>
    array(4) {
      [0]=>
      string(8) "10046105"
      [1]=>
      string(3) "202"
      [2]=>
      string(2) "15"
      [3]=>
      string(16) "2004-06-02 21:00"
    }
    [181]=>
    array(4) {
      [0]=>
      string(8) "10046105"
      [1]=>
      string(3) "202"
      [2]=>
      string(2) "15"
      [3]=>
      string(16) "2004-06-02 21:15"
    }
    [182]=>
    array(4) {
      [0]=>
      string(8) "10046105"
      [1]=>
      string(3) "202"
      [2]=>
      string(2) "15"
      [3]=>
      string(16) "2004-06-02 21:30"
    }
    [183]=>
    array(4) {
      [0]=>
      string(8) "10046105"
      [1]=>
      string(3) "202"
      [2]=>
      string(2) "15"
      [3]=>
      string(16) "2004-06-02 21:45"
    }
    [184]=>
    array(4) {
      [0]=>
      string(8) "10046105"
      [1]=>
      string(3) "202"
      [2]=>
      string(2) "15"
      [3]=>
      string(16) "2004-06-02 22:00"
    }
    [185]=>
    array(4) {
      [0]=>
      string(8) "10046105"
      [1]=>
      string(3) "202"
      [2]=>
      string(2) "15"
      [3]=>
      string(16) "2004-06-02 22:15"
    }
    [186]=>
    array(4) {
      [0]=>
      string(8) "10046105"
      [1]=>
      string(3) "202"
      [2]=>
      string(2) "15"
      [3]=>
      string(16) "2004-06-02 22:30"
    }
    [187]=>
    array(4) {
      [0]=>
      string(8) "10046105"
      [1]=>
      string(3) "202"
      [2]=>
      string(2) "15"
      [3]=>
      string(16) "2004-06-02 22:45"
    }
    [188]=>
    array(4) {
      [0]=>
      string(8) "10046105"
      [1]=>
      string(3) "203"
      [2]=>
      string(2) "15"
      [3]=>
      string(16) "2004-06-02 23:00"
    }
    [189]=>
    array(4) {
      [0]=>
      string(8) "10046105"
      [1]=>
      string(3) "204"
      [2]=>
      string(2) "15"
      [3]=>
      string(16) "2004-06-02 23:15"
    }
    [190]=>
    array(4) {
      [0]=>
      string(8) "10046105"
      [1]=>
      string(3) "204"
      [2]=>
      string(2) "15"
      [3]=>
      string(16) "2004-06-02 23:30"
    }
    [191]=>
    array(4) {
      [0]=>
      string(8) "10046105"
      [1]=>
      string(3) "204"
      [2]=>
      string(2) "15"
      [3]=>
      string(16) "2004-06-02 23:45"
    }
  }
}
